<?xml version="1.0" encoding="UTF-8"?>
<!-- Generated by org.testng.reporters.JUnitReportReporter -->
<testsuite skipped="0" hostname="Saurabh-Garg" name="tests.MonefyTestCases" tests="1" failures="0" timestamp="25 Sep 2021 17:44:39 GMT" time="24.922" errors="0">
  <testcase name="verifyBalanceValueAfterEnteringIncomeAndExpenses" time="24.922" classname="tests.MonefyTestCases"/>
</testsuite> <!-- tests.MonefyTestCases -->
